<?xml version="1.0" encoding="UTF-8"?>
<!-- Generated by org.testng.reporters.JUnitXMLReporter -->
<testsuite hostname="DESKTOP-C35QMNU" ignored="0" name="Test" tests="4" failures="0" timestamp="13 Feb 2020 16:11:47 GMT" time="0.048" errors="0">
  <testcase name="BrowserAutomation" time="0.01" classname="qaclickacademy.SeleniumTest"/>
  <testcase name="ElementsUI" time="0.004" classname="qaclickacademy.SeleniumTest"/>
  <testcase name="IOSApps" time="0.002" classname="qaclickacademy.RestAPITest"/>
  <testcase name="NativeAppAndroid" time="0.001" classname="qaclickacademy.RestAPITest"/>
</testsuite> <!-- Test -->
