<?xml version="1.0" encoding="UTF-8"?>
<!-- Generated by org.testng.reporters.JUnitXMLReporter -->
<testsuite hostname="DESKTOP-C35QMNU" ignored="0" name="Command line test" tests="6" failures="0" timestamp="2020-02-13T11:21:05 EST" time="0.062" errors="0">
  <testcase name="PostJira" time="0.009" classname="qaclickacademy.AppiumTest"/>
  <testcase name="TwitterDelete" time="0.0" classname="qaclickacademy.AppiumTest"/>
  <testcase name="IOSApps" time="0.0" classname="qaclickacademy.RestAPITest"/>
  <testcase name="NativeAppAndroid" time="0.0" classname="qaclickacademy.RestAPITest"/>
  <testcase name="BrowserAutomation" time="0.001" classname="qaclickacademy.SeleniumTest"/>
  <testcase name="ElementsUI" time="0.001" classname="qaclickacademy.SeleniumTest"/>
</testsuite> <!-- Command line test -->
