<?xml version="1.0" encoding="UTF-8"?>
<testng-results skipped="0" failed="0" ignored="0" total="2" passed="2">
  <reporter-output>
  </reporter-output>
  <suite name="Suite" duration-ms="53" started-at="2020-02-13T11:30:34 EST" finished-at="2020-02-13T11:30:34 EST">
    <groups>
    </groups>
    <test name="Test" duration-ms="53" started-at="2020-02-13T11:30:34 EST" finished-at="2020-02-13T11:30:34 EST">
      <class name="qaclickacademy.SeleniumTest">
        <test-method status="PASS" signature="BrowserAutomation()[pri:0, instance:qaclickacademy.SeleniumTest@610694f1]" name="BrowserAutomation" duration-ms="8" started-at="2020-02-13T11:30:34 EST" finished-at="2020-02-13T11:30:34 EST">
          <reporter-output>
          </reporter-output>
        </test-method> <!-- BrowserAutomation -->
        <test-method status="PASS" signature="ElementsUI()[pri:0, instance:qaclickacademy.SeleniumTest@610694f1]" name="ElementsUI" duration-ms="0" started-at="2020-02-13T11:30:34 EST" finished-at="2020-02-13T11:30:34 EST">
          <reporter-output>
          </reporter-output>
        </test-method> <!-- ElementsUI -->
      </class> <!-- qaclickacademy.SeleniumTest -->
    </test> <!-- Test -->
  </suite> <!-- Suite -->
</testng-results>
