<?xml version="1.0" encoding="UTF-8"?>
<testng-results skipped="0" failed="0" ignored="0" total="4" passed="4">
  <reporter-output>
  </reporter-output>
  <suite name="Suite" duration-ms="48" started-at="2020-02-13T16:11:47Z" finished-at="2020-02-13T16:11:47Z">
    <groups>
    </groups>
    <test name="Test" duration-ms="48" started-at="2020-02-13T16:11:47Z" finished-at="2020-02-13T16:11:47Z">
      <class name="qaclickacademy.RestAPITest">
        <test-method status="PASS" signature="IOSApps()[pri:0, instance:qaclickacademy.RestAPITest@185d8b6]" name="IOSApps" duration-ms="2" started-at="2020-02-13T16:11:47Z" finished-at="2020-02-13T16:11:47Z">
          <reporter-output>
          </reporter-output>
        </test-method> <!-- IOSApps -->
        <test-method status="PASS" signature="NativeAppAndroid()[pri:0, instance:qaclickacademy.RestAPITest@185d8b6]" name="NativeAppAndroid" duration-ms="1" started-at="2020-02-13T16:11:47Z" finished-at="2020-02-13T16:11:47Z">
          <reporter-output>
          </reporter-output>
        </test-method> <!-- NativeAppAndroid -->
      </class> <!-- qaclickacademy.RestAPITest -->
      <class name="qaclickacademy.SeleniumTest">
        <test-method status="PASS" signature="BrowserAutomation()[pri:0, instance:qaclickacademy.SeleniumTest@3e9b1010]" name="BrowserAutomation" duration-ms="10" started-at="2020-02-13T16:11:47Z" finished-at="2020-02-13T16:11:47Z">
          <reporter-output>
          </reporter-output>
        </test-method> <!-- BrowserAutomation -->
        <test-method status="PASS" signature="ElementsUI()[pri:0, instance:qaclickacademy.SeleniumTest@3e9b1010]" name="ElementsUI" duration-ms="4" started-at="2020-02-13T16:11:47Z" finished-at="2020-02-13T16:11:47Z">
          <reporter-output>
          </reporter-output>
        </test-method> <!-- ElementsUI -->
      </class> <!-- qaclickacademy.SeleniumTest -->
    </test> <!-- Test -->
  </suite> <!-- Suite -->
</testng-results>
